2022-10-18 08:28:26 [development] error: TypeError: Cannot read properties of undefined (reading 'findOne')
    at handler (webpack-internal:///(api)/./pages/api/users.js:14:84)
    at Object.apiResolver (C:\Users\gonz_\OneDrive\Escritorio\Nueva carpeta (2)\my-app\node_modules\next\dist\server\api-utils\node.js:366:15)
    at processTicksAndRejections (node:internal/process/task_queues:96:5)
    at async DevServer.runApi (C:\Users\gonz_\OneDrive\Escritorio\Nueva carpeta (2)\my-app\node_modules\next\dist\server\next-server.js:481:9)
    at async Object.fn (C:\Users\gonz_\OneDrive\Escritorio\Nueva carpeta (2)\my-app\node_modules\next\dist\server\next-server.js:735:37)
    at async Router.execute (C:\Users\gonz_\OneDrive\Escritorio\Nueva carpeta (2)\my-app\node_modules\next\dist\server\router.js:247:36)
    at async DevServer.run (C:\Users\gonz_\OneDrive\Escritorio\Nueva carpeta (2)\my-app\node_modules\next\dist\server\base-server.js:347:29)
    at async DevServer.run (C:\Users\gonz_\OneDrive\Escritorio\Nueva carpeta (2)\my-app\node_modules\next\dist\server\dev\next-dev-server.js:709:20)
    at async DevServer.handleRequest (C:\Users\gonz_\OneDrive\Escritorio\Nueva carpeta (2)\my-app\node_modules\next\dist\server\base-server.js:285:20)
2022-10-18 08:28:26 [development] error: TypeError: Cannot read properties of undefined (reading 'findOne')
    at handler (webpack-internal:///(api)/./pages/api/users.js:14:84)
    at Object.apiResolver (C:\Users\gonz_\OneDrive\Escritorio\Nueva carpeta (2)\my-app\node_modules\next\dist\server\api-utils\node.js:366:15)
    at processTicksAndRejections (node:internal/process/task_queues:96:5)
    at async DevServer.runApi (C:\Users\gonz_\OneDrive\Escritorio\Nueva carpeta (2)\my-app\node_modules\next\dist\server\next-server.js:481:9)
    at async Object.fn (C:\Users\gonz_\OneDrive\Escritorio\Nueva carpeta (2)\my-app\node_modules\next\dist\server\next-server.js:735:37)
    at async Router.execute (C:\Users\gonz_\OneDrive\Escritorio\Nueva carpeta (2)\my-app\node_modules\next\dist\server\router.js:247:36)
    at async DevServer.run (C:\Users\gonz_\OneDrive\Escritorio\Nueva carpeta (2)\my-app\node_modules\next\dist\server\base-server.js:347:29)
    at async DevServer.run (C:\Users\gonz_\OneDrive\Escritorio\Nueva carpeta (2)\my-app\node_modules\next\dist\server\dev\next-dev-server.js:709:20)
    at async DevServer.handleRequest (C:\Users\gonz_\OneDrive\Escritorio\Nueva carpeta (2)\my-app\node_modules\next\dist\server\base-server.js:285:20)
2022-10-18 08:28:58 [development] error: TypeError: Cannot read properties of undefined (reading 'findOne')
    at handler (webpack-internal:///(api)/./pages/api/users.js:14:84)
    at Object.apiResolver (C:\Users\gonz_\OneDrive\Escritorio\Nueva carpeta (2)\my-app\node_modules\next\dist\server\api-utils\node.js:366:15)
    at processTicksAndRejections (node:internal/process/task_queues:96:5)
    at async DevServer.runApi (C:\Users\gonz_\OneDrive\Escritorio\Nueva carpeta (2)\my-app\node_modules\next\dist\server\next-server.js:481:9)
    at async Object.fn (C:\Users\gonz_\OneDrive\Escritorio\Nueva carpeta (2)\my-app\node_modules\next\dist\server\next-server.js:735:37)
    at async Router.execute (C:\Users\gonz_\OneDrive\Escritorio\Nueva carpeta (2)\my-app\node_modules\next\dist\server\router.js:247:36)
    at async DevServer.run (C:\Users\gonz_\OneDrive\Escritorio\Nueva carpeta (2)\my-app\node_modules\next\dist\server\base-server.js:347:29)
    at async DevServer.run (C:\Users\gonz_\OneDrive\Escritorio\Nueva carpeta (2)\my-app\node_modules\next\dist\server\dev\next-dev-server.js:709:20)
    at async DevServer.handleRequest (C:\Users\gonz_\OneDrive\Escritorio\Nueva carpeta (2)\my-app\node_modules\next\dist\server\base-server.js:285:20)
2022-10-18 08:30:18 [development] error: TypeError: Cannot read properties of undefined (reading 'findOne')
    at handler (webpack-internal:///(api)/./pages/api/users.js:14:84)
    at Object.apiResolver (C:\Users\gonz_\OneDrive\Escritorio\Nueva carpeta (2)\my-app\node_modules\next\dist\server\api-utils\node.js:366:15)
    at processTicksAndRejections (node:internal/process/task_queues:96:5)
    at async DevServer.runApi (C:\Users\gonz_\OneDrive\Escritorio\Nueva carpeta (2)\my-app\node_modules\next\dist\server\next-server.js:481:9)
    at async Object.fn (C:\Users\gonz_\OneDrive\Escritorio\Nueva carpeta (2)\my-app\node_modules\next\dist\server\next-server.js:735:37)
    at async Router.execute (C:\Users\gonz_\OneDrive\Escritorio\Nueva carpeta (2)\my-app\node_modules\next\dist\server\router.js:247:36)
    at async DevServer.run (C:\Users\gonz_\OneDrive\Escritorio\Nueva carpeta (2)\my-app\node_modules\next\dist\server\base-server.js:347:29)
    at async DevServer.run (C:\Users\gonz_\OneDrive\Escritorio\Nueva carpeta (2)\my-app\node_modules\next\dist\server\dev\next-dev-server.js:709:20)
    at async DevServer.handleRequest (C:\Users\gonz_\OneDrive\Escritorio\Nueva carpeta (2)\my-app\node_modules\next\dist\server\base-server.js:285:20)
2022-10-18 08:30:18 [development] error: TypeError: Cannot read properties of undefined (reading 'findOne')
    at handler (webpack-internal:///(api)/./pages/api/users.js:14:84)
    at Object.apiResolver (C:\Users\gonz_\OneDrive\Escritorio\Nueva carpeta (2)\my-app\node_modules\next\dist\server\api-utils\node.js:366:15)
    at processTicksAndRejections (node:internal/process/task_queues:96:5)
    at async DevServer.runApi (C:\Users\gonz_\OneDrive\Escritorio\Nueva carpeta (2)\my-app\node_modules\next\dist\server\next-server.js:481:9)
    at async Object.fn (C:\Users\gonz_\OneDrive\Escritorio\Nueva carpeta (2)\my-app\node_modules\next\dist\server\next-server.js:735:37)
    at async Router.execute (C:\Users\gonz_\OneDrive\Escritorio\Nueva carpeta (2)\my-app\node_modules\next\dist\server\router.js:247:36)
    at async DevServer.run (C:\Users\gonz_\OneDrive\Escritorio\Nueva carpeta (2)\my-app\node_modules\next\dist\server\base-server.js:347:29)
    at async DevServer.run (C:\Users\gonz_\OneDrive\Escritorio\Nueva carpeta (2)\my-app\node_modules\next\dist\server\dev\next-dev-server.js:709:20)
    at async DevServer.handleRequest (C:\Users\gonz_\OneDrive\Escritorio\Nueva carpeta (2)\my-app\node_modules\next\dist\server\base-server.js:285:20)
2022-10-18 08:33:07 [development] error: TypeError: Cannot read properties of undefined (reading 'findOne')
    at handler (webpack-internal:///(api)/./pages/api/users.js:14:84)
    at Object.apiResolver (C:\Users\gonz_\OneDrive\Escritorio\Nueva carpeta (2)\my-app\node_modules\next\dist\server\api-utils\node.js:366:15)
    at runMicrotasks (<anonymous>)
    at processTicksAndRejections (node:internal/process/task_queues:96:5)
    at async DevServer.runApi (C:\Users\gonz_\OneDrive\Escritorio\Nueva carpeta (2)\my-app\node_modules\next\dist\server\next-server.js:481:9)
    at async Object.fn (C:\Users\gonz_\OneDrive\Escritorio\Nueva carpeta (2)\my-app\node_modules\next\dist\server\next-server.js:735:37)
    at async Router.execute (C:\Users\gonz_\OneDrive\Escritorio\Nueva carpeta (2)\my-app\node_modules\next\dist\server\router.js:247:36)
    at async DevServer.run (C:\Users\gonz_\OneDrive\Escritorio\Nueva carpeta (2)\my-app\node_modules\next\dist\server\base-server.js:347:29)
    at async DevServer.run (C:\Users\gonz_\OneDrive\Escritorio\Nueva carpeta (2)\my-app\node_modules\next\dist\server\dev\next-dev-server.js:709:20)
    at async DevServer.handleRequest (C:\Users\gonz_\OneDrive\Escritorio\Nueva carpeta (2)\my-app\node_modules\next\dist\server\base-server.js:285:20)
2022-10-18 08:33:07 [development] error: TypeError: Cannot read properties of undefined (reading 'findOne')
    at handler (webpack-internal:///(api)/./pages/api/users.js:14:84)
    at Object.apiResolver (C:\Users\gonz_\OneDrive\Escritorio\Nueva carpeta (2)\my-app\node_modules\next\dist\server\api-utils\node.js:366:15)
    at runMicrotasks (<anonymous>)
    at processTicksAndRejections (node:internal/process/task_queues:96:5)
    at async DevServer.runApi (C:\Users\gonz_\OneDrive\Escritorio\Nueva carpeta (2)\my-app\node_modules\next\dist\server\next-server.js:481:9)
    at async Object.fn (C:\Users\gonz_\OneDrive\Escritorio\Nueva carpeta (2)\my-app\node_modules\next\dist\server\next-server.js:735:37)
    at async Router.execute (C:\Users\gonz_\OneDrive\Escritorio\Nueva carpeta (2)\my-app\node_modules\next\dist\server\router.js:247:36)
    at async DevServer.run (C:\Users\gonz_\OneDrive\Escritorio\Nueva carpeta (2)\my-app\node_modules\next\dist\server\base-server.js:347:29)
    at async DevServer.run (C:\Users\gonz_\OneDrive\Escritorio\Nueva carpeta (2)\my-app\node_modules\next\dist\server\dev\next-dev-server.js:709:20)
    at async DevServer.handleRequest (C:\Users\gonz_\OneDrive\Escritorio\Nueva carpeta (2)\my-app\node_modules\next\dist\server\base-server.js:285:20)
2022-10-18 08:33:38 [development] error: TypeError: Cannot read properties of undefined (reading 'findOne')
    at handler (webpack-internal:///(api)/./pages/api/users.js:14:84)
    at Object.apiResolver (C:\Users\gonz_\OneDrive\Escritorio\Nueva carpeta (2)\my-app\node_modules\next\dist\server\api-utils\node.js:366:15)
    at runMicrotasks (<anonymous>)
    at processTicksAndRejections (node:internal/process/task_queues:96:5)
    at async DevServer.runApi (C:\Users\gonz_\OneDrive\Escritorio\Nueva carpeta (2)\my-app\node_modules\next\dist\server\next-server.js:481:9)
    at async Object.fn (C:\Users\gonz_\OneDrive\Escritorio\Nueva carpeta (2)\my-app\node_modules\next\dist\server\next-server.js:735:37)
    at async Router.execute (C:\Users\gonz_\OneDrive\Escritorio\Nueva carpeta (2)\my-app\node_modules\next\dist\server\router.js:247:36)
    at async DevServer.run (C:\Users\gonz_\OneDrive\Escritorio\Nueva carpeta (2)\my-app\node_modules\next\dist\server\base-server.js:347:29)
    at async DevServer.run (C:\Users\gonz_\OneDrive\Escritorio\Nueva carpeta (2)\my-app\node_modules\next\dist\server\dev\next-dev-server.js:709:20)
    at async DevServer.handleRequest (C:\Users\gonz_\OneDrive\Escritorio\Nueva carpeta (2)\my-app\node_modules\next\dist\server\base-server.js:285:20)
2022-10-18 08:33:38 [development] error: TypeError: Cannot read properties of undefined (reading 'findOne')
    at handler (webpack-internal:///(api)/./pages/api/users.js:14:84)
    at Object.apiResolver (C:\Users\gonz_\OneDrive\Escritorio\Nueva carpeta (2)\my-app\node_modules\next\dist\server\api-utils\node.js:366:15)
    at runMicrotasks (<anonymous>)
    at processTicksAndRejections (node:internal/process/task_queues:96:5)
    at async DevServer.runApi (C:\Users\gonz_\OneDrive\Escritorio\Nueva carpeta (2)\my-app\node_modules\next\dist\server\next-server.js:481:9)
    at async Object.fn (C:\Users\gonz_\OneDrive\Escritorio\Nueva carpeta (2)\my-app\node_modules\next\dist\server\next-server.js:735:37)
    at async Router.execute (C:\Users\gonz_\OneDrive\Escritorio\Nueva carpeta (2)\my-app\node_modules\next\dist\server\router.js:247:36)
    at async DevServer.run (C:\Users\gonz_\OneDrive\Escritorio\Nueva carpeta (2)\my-app\node_modules\next\dist\server\base-server.js:347:29)
    at async DevServer.run (C:\Users\gonz_\OneDrive\Escritorio\Nueva carpeta (2)\my-app\node_modules\next\dist\server\dev\next-dev-server.js:709:20)
    at async DevServer.handleRequest (C:\Users\gonz_\OneDrive\Escritorio\Nueva carpeta (2)\my-app\node_modules\next\dist\server\base-server.js:285:20)
2022-10-18 08:33:53 [development] error: TypeError: Cannot read properties of undefined (reading 'findOne')
    at handler (webpack-internal:///(api)/./pages/api/users.js:14:84)
    at Object.apiResolver (C:\Users\gonz_\OneDrive\Escritorio\Nueva carpeta (2)\my-app\node_modules\next\dist\server\api-utils\node.js:366:15)
    at runMicrotasks (<anonymous>)
    at processTicksAndRejections (node:internal/process/task_queues:96:5)
    at async DevServer.runApi (C:\Users\gonz_\OneDrive\Escritorio\Nueva carpeta (2)\my-app\node_modules\next\dist\server\next-server.js:481:9)
    at async Object.fn (C:\Users\gonz_\OneDrive\Escritorio\Nueva carpeta (2)\my-app\node_modules\next\dist\server\next-server.js:735:37)
    at async Router.execute (C:\Users\gonz_\OneDrive\Escritorio\Nueva carpeta (2)\my-app\node_modules\next\dist\server\router.js:247:36)
    at async DevServer.run (C:\Users\gonz_\OneDrive\Escritorio\Nueva carpeta (2)\my-app\node_modules\next\dist\server\base-server.js:347:29)
    at async DevServer.run (C:\Users\gonz_\OneDrive\Escritorio\Nueva carpeta (2)\my-app\node_modules\next\dist\server\dev\next-dev-server.js:709:20)
    at async DevServer.handleRequest (C:\Users\gonz_\OneDrive\Escritorio\Nueva carpeta (2)\my-app\node_modules\next\dist\server\base-server.js:285:20)
2022-10-18 08:33:53 [development] error: TypeError: Cannot read properties of undefined (reading 'findOne')
    at handler (webpack-internal:///(api)/./pages/api/users.js:14:84)
    at Object.apiResolver (C:\Users\gonz_\OneDrive\Escritorio\Nueva carpeta (2)\my-app\node_modules\next\dist\server\api-utils\node.js:366:15)
    at runMicrotasks (<anonymous>)
    at processTicksAndRejections (node:internal/process/task_queues:96:5)
    at async DevServer.runApi (C:\Users\gonz_\OneDrive\Escritorio\Nueva carpeta (2)\my-app\node_modules\next\dist\server\next-server.js:481:9)
    at async Object.fn (C:\Users\gonz_\OneDrive\Escritorio\Nueva carpeta (2)\my-app\node_modules\next\dist\server\next-server.js:735:37)
    at async Router.execute (C:\Users\gonz_\OneDrive\Escritorio\Nueva carpeta (2)\my-app\node_modules\next\dist\server\router.js:247:36)
    at async DevServer.run (C:\Users\gonz_\OneDrive\Escritorio\Nueva carpeta (2)\my-app\node_modules\next\dist\server\base-server.js:347:29)
    at async DevServer.run (C:\Users\gonz_\OneDrive\Escritorio\Nueva carpeta (2)\my-app\node_modules\next\dist\server\dev\next-dev-server.js:709:20)
    at async DevServer.handleRequest (C:\Users\gonz_\OneDrive\Escritorio\Nueva carpeta (2)\my-app\node_modules\next\dist\server\base-server.js:285:20)
2022-10-18 08:33:56 [development] error: TypeError: Cannot read properties of undefined (reading 'findOne')
    at handler (webpack-internal:///(api)/./pages/api/users.js:14:84)
    at Object.apiResolver (C:\Users\gonz_\OneDrive\Escritorio\Nueva carpeta (2)\my-app\node_modules\next\dist\server\api-utils\node.js:366:15)
    at runMicrotasks (<anonymous>)
    at processTicksAndRejections (node:internal/process/task_queues:96:5)
    at async DevServer.runApi (C:\Users\gonz_\OneDrive\Escritorio\Nueva carpeta (2)\my-app\node_modules\next\dist\server\next-server.js:481:9)
    at async Object.fn (C:\Users\gonz_\OneDrive\Escritorio\Nueva carpeta (2)\my-app\node_modules\next\dist\server\next-server.js:735:37)
    at async Router.execute (C:\Users\gonz_\OneDrive\Escritorio\Nueva carpeta (2)\my-app\node_modules\next\dist\server\router.js:247:36)
    at async DevServer.run (C:\Users\gonz_\OneDrive\Escritorio\Nueva carpeta (2)\my-app\node_modules\next\dist\server\base-server.js:347:29)
    at async DevServer.run (C:\Users\gonz_\OneDrive\Escritorio\Nueva carpeta (2)\my-app\node_modules\next\dist\server\dev\next-dev-server.js:709:20)
    at async DevServer.handleRequest (C:\Users\gonz_\OneDrive\Escritorio\Nueva carpeta (2)\my-app\node_modules\next\dist\server\base-server.js:285:20)
2022-10-18 08:33:56 [development] error: TypeError: Cannot read properties of undefined (reading 'findOne')
    at handler (webpack-internal:///(api)/./pages/api/users.js:14:84)
    at Object.apiResolver (C:\Users\gonz_\OneDrive\Escritorio\Nueva carpeta (2)\my-app\node_modules\next\dist\server\api-utils\node.js:366:15)
    at runMicrotasks (<anonymous>)
    at processTicksAndRejections (node:internal/process/task_queues:96:5)
    at async DevServer.runApi (C:\Users\gonz_\OneDrive\Escritorio\Nueva carpeta (2)\my-app\node_modules\next\dist\server\next-server.js:481:9)
    at async Object.fn (C:\Users\gonz_\OneDrive\Escritorio\Nueva carpeta (2)\my-app\node_modules\next\dist\server\next-server.js:735:37)
    at async Router.execute (C:\Users\gonz_\OneDrive\Escritorio\Nueva carpeta (2)\my-app\node_modules\next\dist\server\router.js:247:36)
    at async DevServer.run (C:\Users\gonz_\OneDrive\Escritorio\Nueva carpeta (2)\my-app\node_modules\next\dist\server\base-server.js:347:29)
    at async DevServer.run (C:\Users\gonz_\OneDrive\Escritorio\Nueva carpeta (2)\my-app\node_modules\next\dist\server\dev\next-dev-server.js:709:20)
    at async DevServer.handleRequest (C:\Users\gonz_\OneDrive\Escritorio\Nueva carpeta (2)\my-app\node_modules\next\dist\server\base-server.js:285:20)
2022-10-18 08:37:39 [development] error: TypeError: Cannot read properties of undefined (reading 'findOne')
    at handler (webpack-internal:///(api)/./pages/api/users.js:16:84)
    at Object.apiResolver (C:\Users\gonz_\OneDrive\Escritorio\Nueva carpeta (2)\my-app\node_modules\next\dist\server\api-utils\node.js:366:15)
    at processTicksAndRejections (node:internal/process/task_queues:96:5)
    at async DevServer.runApi (C:\Users\gonz_\OneDrive\Escritorio\Nueva carpeta (2)\my-app\node_modules\next\dist\server\next-server.js:481:9)
    at async Object.fn (C:\Users\gonz_\OneDrive\Escritorio\Nueva carpeta (2)\my-app\node_modules\next\dist\server\next-server.js:735:37)
    at async Router.execute (C:\Users\gonz_\OneDrive\Escritorio\Nueva carpeta (2)\my-app\node_modules\next\dist\server\router.js:247:36)
    at async DevServer.run (C:\Users\gonz_\OneDrive\Escritorio\Nueva carpeta (2)\my-app\node_modules\next\dist\server\base-server.js:347:29)
    at async DevServer.run (C:\Users\gonz_\OneDrive\Escritorio\Nueva carpeta (2)\my-app\node_modules\next\dist\server\dev\next-dev-server.js:709:20)
    at async DevServer.handleRequest (C:\Users\gonz_\OneDrive\Escritorio\Nueva carpeta (2)\my-app\node_modules\next\dist\server\base-server.js:285:20)
2022-10-18 08:37:39 [development] error: TypeError: Cannot read properties of undefined (reading 'findOne')
    at handler (webpack-internal:///(api)/./pages/api/users.js:16:84)
    at Object.apiResolver (C:\Users\gonz_\OneDrive\Escritorio\Nueva carpeta (2)\my-app\node_modules\next\dist\server\api-utils\node.js:366:15)
    at processTicksAndRejections (node:internal/process/task_queues:96:5)
    at async DevServer.runApi (C:\Users\gonz_\OneDrive\Escritorio\Nueva carpeta (2)\my-app\node_modules\next\dist\server\next-server.js:481:9)
    at async Object.fn (C:\Users\gonz_\OneDrive\Escritorio\Nueva carpeta (2)\my-app\node_modules\next\dist\server\next-server.js:735:37)
    at async Router.execute (C:\Users\gonz_\OneDrive\Escritorio\Nueva carpeta (2)\my-app\node_modules\next\dist\server\router.js:247:36)
    at async DevServer.run (C:\Users\gonz_\OneDrive\Escritorio\Nueva carpeta (2)\my-app\node_modules\next\dist\server\base-server.js:347:29)
    at async DevServer.run (C:\Users\gonz_\OneDrive\Escritorio\Nueva carpeta (2)\my-app\node_modules\next\dist\server\dev\next-dev-server.js:709:20)
    at async DevServer.handleRequest (C:\Users\gonz_\OneDrive\Escritorio\Nueva carpeta (2)\my-app\node_modules\next\dist\server\base-server.js:285:20)
2022-10-18 08:37:58 [development] error: TypeError: Cannot read properties of undefined (reading 'findOne')
    at handler (webpack-internal:///(api)/./pages/api/users.js:16:84)
    at Object.apiResolver (C:\Users\gonz_\OneDrive\Escritorio\Nueva carpeta (2)\my-app\node_modules\next\dist\server\api-utils\node.js:366:15)
    at processTicksAndRejections (node:internal/process/task_queues:96:5)
    at async DevServer.runApi (C:\Users\gonz_\OneDrive\Escritorio\Nueva carpeta (2)\my-app\node_modules\next\dist\server\next-server.js:481:9)
    at async Object.fn (C:\Users\gonz_\OneDrive\Escritorio\Nueva carpeta (2)\my-app\node_modules\next\dist\server\next-server.js:735:37)
    at async Router.execute (C:\Users\gonz_\OneDrive\Escritorio\Nueva carpeta (2)\my-app\node_modules\next\dist\server\router.js:247:36)
    at async DevServer.run (C:\Users\gonz_\OneDrive\Escritorio\Nueva carpeta (2)\my-app\node_modules\next\dist\server\base-server.js:347:29)
    at async DevServer.run (C:\Users\gonz_\OneDrive\Escritorio\Nueva carpeta (2)\my-app\node_modules\next\dist\server\dev\next-dev-server.js:709:20)
    at async DevServer.handleRequest (C:\Users\gonz_\OneDrive\Escritorio\Nueva carpeta (2)\my-app\node_modules\next\dist\server\base-server.js:285:20)
2022-10-18 08:37:58 [development] error: TypeError: Cannot read properties of undefined (reading 'findOne')
    at handler (webpack-internal:///(api)/./pages/api/users.js:16:84)
    at Object.apiResolver (C:\Users\gonz_\OneDrive\Escritorio\Nueva carpeta (2)\my-app\node_modules\next\dist\server\api-utils\node.js:366:15)
    at processTicksAndRejections (node:internal/process/task_queues:96:5)
    at async DevServer.runApi (C:\Users\gonz_\OneDrive\Escritorio\Nueva carpeta (2)\my-app\node_modules\next\dist\server\next-server.js:481:9)
    at async Object.fn (C:\Users\gonz_\OneDrive\Escritorio\Nueva carpeta (2)\my-app\node_modules\next\dist\server\next-server.js:735:37)
    at async Router.execute (C:\Users\gonz_\OneDrive\Escritorio\Nueva carpeta (2)\my-app\node_modules\next\dist\server\router.js:247:36)
    at async DevServer.run (C:\Users\gonz_\OneDrive\Escritorio\Nueva carpeta (2)\my-app\node_modules\next\dist\server\base-server.js:347:29)
    at async DevServer.run (C:\Users\gonz_\OneDrive\Escritorio\Nueva carpeta (2)\my-app\node_modules\next\dist\server\dev\next-dev-server.js:709:20)
    at async DevServer.handleRequest (C:\Users\gonz_\OneDrive\Escritorio\Nueva carpeta (2)\my-app\node_modules\next\dist\server\base-server.js:285:20)
2022-10-18 08:38:52 [development] error: TypeError: Cannot read properties of undefined (reading 'findOne')
    at handler (webpack-internal:///(api)/./pages/api/users.js:16:84)
    at Object.apiResolver (C:\Users\gonz_\OneDrive\Escritorio\Nueva carpeta (2)\my-app\node_modules\next\dist\server\api-utils\node.js:366:15)
    at runMicrotasks (<anonymous>)
    at processTicksAndRejections (node:internal/process/task_queues:96:5)
    at async DevServer.runApi (C:\Users\gonz_\OneDrive\Escritorio\Nueva carpeta (2)\my-app\node_modules\next\dist\server\next-server.js:481:9)
    at async Object.fn (C:\Users\gonz_\OneDrive\Escritorio\Nueva carpeta (2)\my-app\node_modules\next\dist\server\next-server.js:735:37)
    at async Router.execute (C:\Users\gonz_\OneDrive\Escritorio\Nueva carpeta (2)\my-app\node_modules\next\dist\server\router.js:247:36)
    at async DevServer.run (C:\Users\gonz_\OneDrive\Escritorio\Nueva carpeta (2)\my-app\node_modules\next\dist\server\base-server.js:347:29)
    at async DevServer.run (C:\Users\gonz_\OneDrive\Escritorio\Nueva carpeta (2)\my-app\node_modules\next\dist\server\dev\next-dev-server.js:709:20)
    at async DevServer.handleRequest (C:\Users\gonz_\OneDrive\Escritorio\Nueva carpeta (2)\my-app\node_modules\next\dist\server\base-server.js:285:20)
2022-10-18 08:38:52 [development] error: TypeError: Cannot read properties of undefined (reading 'findOne')
    at handler (webpack-internal:///(api)/./pages/api/users.js:16:84)
    at Object.apiResolver (C:\Users\gonz_\OneDrive\Escritorio\Nueva carpeta (2)\my-app\node_modules\next\dist\server\api-utils\node.js:366:15)
    at runMicrotasks (<anonymous>)
    at processTicksAndRejections (node:internal/process/task_queues:96:5)
    at async DevServer.runApi (C:\Users\gonz_\OneDrive\Escritorio\Nueva carpeta (2)\my-app\node_modules\next\dist\server\next-server.js:481:9)
    at async Object.fn (C:\Users\gonz_\OneDrive\Escritorio\Nueva carpeta (2)\my-app\node_modules\next\dist\server\next-server.js:735:37)
    at async Router.execute (C:\Users\gonz_\OneDrive\Escritorio\Nueva carpeta (2)\my-app\node_modules\next\dist\server\router.js:247:36)
    at async DevServer.run (C:\Users\gonz_\OneDrive\Escritorio\Nueva carpeta (2)\my-app\node_modules\next\dist\server\base-server.js:347:29)
    at async DevServer.run (C:\Users\gonz_\OneDrive\Escritorio\Nueva carpeta (2)\my-app\node_modules\next\dist\server\dev\next-dev-server.js:709:20)
    at async DevServer.handleRequest (C:\Users\gonz_\OneDrive\Escritorio\Nueva carpeta (2)\my-app\node_modules\next\dist\server\base-server.js:285:20)
2022-10-18 08:50:33 [development] error: Error
    at Query.run (C:\Users\gonz_\OneDrive\Escritorio\Nueva carpeta (2)\my-app\node_modules\sequelize\lib\dialects\mysql\query.js:52:25)
    at C:\Users\gonz_\OneDrive\Escritorio\Nueva carpeta (2)\my-app\node_modules\sequelize\lib\sequelize.js:314:28
    at runMicrotasks (<anonymous>)
    at processTicksAndRejections (node:internal/process/task_queues:96:5)
    at async MySQLQueryInterface.select (C:\Users\gonz_\OneDrive\Escritorio\Nueva carpeta (2)\my-app\node_modules\sequelize\lib\dialects\abstract\query-interface.js:407:12)
    at async Function.findAll (C:\Users\gonz_\OneDrive\Escritorio\Nueva carpeta (2)\my-app\node_modules\sequelize\lib\model.js:1134:21)
    at async Function.findOne (C:\Users\gonz_\OneDrive\Escritorio\Nueva carpeta (2)\my-app\node_modules\sequelize\lib\model.js:1228:12)
    at async handler (webpack-internal:///(api)/./pages/api/users.js:16:22)
    at async Object.apiResolver (C:\Users\gonz_\OneDrive\Escritorio\Nueva carpeta (2)\my-app\node_modules\next\dist\server\api-utils\node.js:366:9)
    at async DevServer.runApi (C:\Users\gonz_\OneDrive\Escritorio\Nueva carpeta (2)\my-app\node_modules\next\dist\server\next-server.js:481:9)
2022-10-18 08:50:33 [development] error: Error
    at Query.run (C:\Users\gonz_\OneDrive\Escritorio\Nueva carpeta (2)\my-app\node_modules\sequelize\lib\dialects\mysql\query.js:52:25)
    at C:\Users\gonz_\OneDrive\Escritorio\Nueva carpeta (2)\my-app\node_modules\sequelize\lib\sequelize.js:314:28
    at runMicrotasks (<anonymous>)
    at processTicksAndRejections (node:internal/process/task_queues:96:5)
    at async MySQLQueryInterface.select (C:\Users\gonz_\OneDrive\Escritorio\Nueva carpeta (2)\my-app\node_modules\sequelize\lib\dialects\abstract\query-interface.js:407:12)
    at async Function.findAll (C:\Users\gonz_\OneDrive\Escritorio\Nueva carpeta (2)\my-app\node_modules\sequelize\lib\model.js:1134:21)
    at async Function.findOne (C:\Users\gonz_\OneDrive\Escritorio\Nueva carpeta (2)\my-app\node_modules\sequelize\lib\model.js:1228:12)
    at async handler (webpack-internal:///(api)/./pages/api/users.js:16:22)
    at async Object.apiResolver (C:\Users\gonz_\OneDrive\Escritorio\Nueva carpeta (2)\my-app\node_modules\next\dist\server\api-utils\node.js:366:9)
    at async DevServer.runApi (C:\Users\gonz_\OneDrive\Escritorio\Nueva carpeta (2)\my-app\node_modules\next\dist\server\next-server.js:481:9)
2022-10-18 08:51:18 [development] error: Error
    at Query.run (C:\Users\gonz_\OneDrive\Escritorio\Nueva carpeta (2)\my-app\node_modules\sequelize\lib\dialects\mysql\query.js:52:25)
    at C:\Users\gonz_\OneDrive\Escritorio\Nueva carpeta (2)\my-app\node_modules\sequelize\lib\sequelize.js:314:28
    at runMicrotasks (<anonymous>)
    at processTicksAndRejections (node:internal/process/task_queues:96:5)
    at async MySQLQueryInterface.select (C:\Users\gonz_\OneDrive\Escritorio\Nueva carpeta (2)\my-app\node_modules\sequelize\lib\dialects\abstract\query-interface.js:407:12)
    at async Function.findAll (C:\Users\gonz_\OneDrive\Escritorio\Nueva carpeta (2)\my-app\node_modules\sequelize\lib\model.js:1134:21)
    at async Function.findOne (C:\Users\gonz_\OneDrive\Escritorio\Nueva carpeta (2)\my-app\node_modules\sequelize\lib\model.js:1228:12)
    at async handler (webpack-internal:///(api)/./pages/api/users.js:16:22)
    at async Object.apiResolver (C:\Users\gonz_\OneDrive\Escritorio\Nueva carpeta (2)\my-app\node_modules\next\dist\server\api-utils\node.js:366:9)
    at async DevServer.runApi (C:\Users\gonz_\OneDrive\Escritorio\Nueva carpeta (2)\my-app\node_modules\next\dist\server\next-server.js:481:9)
2022-10-18 08:51:18 [development] error: Error
    at Query.run (C:\Users\gonz_\OneDrive\Escritorio\Nueva carpeta (2)\my-app\node_modules\sequelize\lib\dialects\mysql\query.js:52:25)
    at C:\Users\gonz_\OneDrive\Escritorio\Nueva carpeta (2)\my-app\node_modules\sequelize\lib\sequelize.js:314:28
    at runMicrotasks (<anonymous>)
    at processTicksAndRejections (node:internal/process/task_queues:96:5)
    at async MySQLQueryInterface.select (C:\Users\gonz_\OneDrive\Escritorio\Nueva carpeta (2)\my-app\node_modules\sequelize\lib\dialects\abstract\query-interface.js:407:12)
    at async Function.findAll (C:\Users\gonz_\OneDrive\Escritorio\Nueva carpeta (2)\my-app\node_modules\sequelize\lib\model.js:1134:21)
    at async Function.findOne (C:\Users\gonz_\OneDrive\Escritorio\Nueva carpeta (2)\my-app\node_modules\sequelize\lib\model.js:1228:12)
    at async handler (webpack-internal:///(api)/./pages/api/users.js:16:22)
    at async Object.apiResolver (C:\Users\gonz_\OneDrive\Escritorio\Nueva carpeta (2)\my-app\node_modules\next\dist\server\api-utils\node.js:366:9)
    at async DevServer.runApi (C:\Users\gonz_\OneDrive\Escritorio\Nueva carpeta (2)\my-app\node_modules\next\dist\server\next-server.js:481:9)
2022-10-18 08:53:09 [development] error: Error
    at Query.run (C:\Users\gonz_\OneDrive\Escritorio\Nueva carpeta (2)\my-app\node_modules\sequelize\lib\dialects\mysql\query.js:52:25)
    at C:\Users\gonz_\OneDrive\Escritorio\Nueva carpeta (2)\my-app\node_modules\sequelize\lib\sequelize.js:314:28
    at processTicksAndRejections (node:internal/process/task_queues:96:5)
    at async MySQLQueryInterface.select (C:\Users\gonz_\OneDrive\Escritorio\Nueva carpeta (2)\my-app\node_modules\sequelize\lib\dialects\abstract\query-interface.js:407:12)
    at async Function.findAll (C:\Users\gonz_\OneDrive\Escritorio\Nueva carpeta (2)\my-app\node_modules\sequelize\lib\model.js:1134:21)
    at async Function.findOne (C:\Users\gonz_\OneDrive\Escritorio\Nueva carpeta (2)\my-app\node_modules\sequelize\lib\model.js:1228:12)
    at async handler (webpack-internal:///(api)/./pages/api/users.js:16:22)
    at async Object.apiResolver (C:\Users\gonz_\OneDrive\Escritorio\Nueva carpeta (2)\my-app\node_modules\next\dist\server\api-utils\node.js:366:9)
    at async DevServer.runApi (C:\Users\gonz_\OneDrive\Escritorio\Nueva carpeta (2)\my-app\node_modules\next\dist\server\next-server.js:481:9)
    at async Object.fn (C:\Users\gonz_\OneDrive\Escritorio\Nueva carpeta (2)\my-app\node_modules\next\dist\server\next-server.js:735:37)
2022-10-18 08:53:09 [development] error: Error
    at Query.run (C:\Users\gonz_\OneDrive\Escritorio\Nueva carpeta (2)\my-app\node_modules\sequelize\lib\dialects\mysql\query.js:52:25)
    at C:\Users\gonz_\OneDrive\Escritorio\Nueva carpeta (2)\my-app\node_modules\sequelize\lib\sequelize.js:314:28
    at processTicksAndRejections (node:internal/process/task_queues:96:5)
    at async MySQLQueryInterface.select (C:\Users\gonz_\OneDrive\Escritorio\Nueva carpeta (2)\my-app\node_modules\sequelize\lib\dialects\abstract\query-interface.js:407:12)
    at async Function.findAll (C:\Users\gonz_\OneDrive\Escritorio\Nueva carpeta (2)\my-app\node_modules\sequelize\lib\model.js:1134:21)
    at async Function.findOne (C:\Users\gonz_\OneDrive\Escritorio\Nueva carpeta (2)\my-app\node_modules\sequelize\lib\model.js:1228:12)
    at async handler (webpack-internal:///(api)/./pages/api/users.js:16:22)
    at async Object.apiResolver (C:\Users\gonz_\OneDrive\Escritorio\Nueva carpeta (2)\my-app\node_modules\next\dist\server\api-utils\node.js:366:9)
    at async DevServer.runApi (C:\Users\gonz_\OneDrive\Escritorio\Nueva carpeta (2)\my-app\node_modules\next\dist\server\next-server.js:481:9)
    at async Object.fn (C:\Users\gonz_\OneDrive\Escritorio\Nueva carpeta (2)\my-app\node_modules\next\dist\server\next-server.js:735:37)
2022-10-18 08:56:10 [development] error: Error: Association with alias "tasks" does not exist on User
    at Function._transformStringAssociation (C:\Users\gonz_\OneDrive\Escritorio\Nueva carpeta (2)\my-app\node_modules\sequelize\lib\model.js:275:15)
    at Function._conformInclude (C:\Users\gonz_\OneDrive\Escritorio\Nueva carpeta (2)\my-app\node_modules\sequelize\lib\model.js:286:22)
    at C:\Users\gonz_\OneDrive\Escritorio\Nueva carpeta (2)\my-app\node_modules\sequelize\lib\model.js:270:61
    at Array.map (<anonymous>)
    at Function._conformIncludes (C:\Users\gonz_\OneDrive\Escritorio\Nueva carpeta (2)\my-app\node_modules\sequelize\lib\model.js:270:39)
    at Function._baseMerge (C:\Users\gonz_\OneDrive\Escritorio\Nueva carpeta (2)\my-app\node_modules\sequelize\lib\model.js:622:10)
    at Function._defaultsOptions (C:\Users\gonz_\OneDrive\Escritorio\Nueva carpeta (2)\my-app\node_modules\sequelize\lib\model.js:656:17)
    at Function._injectScope (C:\Users\gonz_\OneDrive\Escritorio\Nueva carpeta (2)\my-app\node_modules\sequelize\lib\model.js:2001:10)
    at Function.findAll (C:\Users\gonz_\OneDrive\Escritorio\Nueva carpeta (2)\my-app\node_modules\sequelize\lib\model.js:1105:10)
    at handler (webpack-internal:///(api)/./pages/api/users.js:16:91)
2022-10-18 08:56:10 [development] error: Error: Association with alias "tasks" does not exist on User
    at Function._transformStringAssociation (C:\Users\gonz_\OneDrive\Escritorio\Nueva carpeta (2)\my-app\node_modules\sequelize\lib\model.js:275:15)
    at Function._conformInclude (C:\Users\gonz_\OneDrive\Escritorio\Nueva carpeta (2)\my-app\node_modules\sequelize\lib\model.js:286:22)
    at C:\Users\gonz_\OneDrive\Escritorio\Nueva carpeta (2)\my-app\node_modules\sequelize\lib\model.js:270:61
    at Array.map (<anonymous>)
    at Function._conformIncludes (C:\Users\gonz_\OneDrive\Escritorio\Nueva carpeta (2)\my-app\node_modules\sequelize\lib\model.js:270:39)
    at Function._baseMerge (C:\Users\gonz_\OneDrive\Escritorio\Nueva carpeta (2)\my-app\node_modules\sequelize\lib\model.js:622:10)
    at Function._defaultsOptions (C:\Users\gonz_\OneDrive\Escritorio\Nueva carpeta (2)\my-app\node_modules\sequelize\lib\model.js:656:17)
    at Function._injectScope (C:\Users\gonz_\OneDrive\Escritorio\Nueva carpeta (2)\my-app\node_modules\sequelize\lib\model.js:2001:10)
    at Function.findAll (C:\Users\gonz_\OneDrive\Escritorio\Nueva carpeta (2)\my-app\node_modules\sequelize\lib\model.js:1105:10)
    at handler (webpack-internal:///(api)/./pages/api/users.js:16:91)
2022-10-18 08:57:11 [development] error: Error
    at Query.run (C:\Users\gonz_\OneDrive\Escritorio\Nueva carpeta (2)\my-app\node_modules\sequelize\lib\dialects\mysql\query.js:52:25)
    at C:\Users\gonz_\OneDrive\Escritorio\Nueva carpeta (2)\my-app\node_modules\sequelize\lib\sequelize.js:314:28
    at processTicksAndRejections (node:internal/process/task_queues:96:5)
    at async MySQLQueryInterface.select (C:\Users\gonz_\OneDrive\Escritorio\Nueva carpeta (2)\my-app\node_modules\sequelize\lib\dialects\abstract\query-interface.js:407:12)
    at async Function.findAll (C:\Users\gonz_\OneDrive\Escritorio\Nueva carpeta (2)\my-app\node_modules\sequelize\lib\model.js:1134:21)
    at async Function.findOne (C:\Users\gonz_\OneDrive\Escritorio\Nueva carpeta (2)\my-app\node_modules\sequelize\lib\model.js:1228:12)
    at async handler (webpack-internal:///(api)/./pages/api/users.js:16:22)
    at async Object.apiResolver (C:\Users\gonz_\OneDrive\Escritorio\Nueva carpeta (2)\my-app\node_modules\next\dist\server\api-utils\node.js:366:9)
    at async DevServer.runApi (C:\Users\gonz_\OneDrive\Escritorio\Nueva carpeta (2)\my-app\node_modules\next\dist\server\next-server.js:481:9)
    at async Object.fn (C:\Users\gonz_\OneDrive\Escritorio\Nueva carpeta (2)\my-app\node_modules\next\dist\server\next-server.js:735:37)
2022-10-18 08:57:11 [development] error: Error
    at Query.run (C:\Users\gonz_\OneDrive\Escritorio\Nueva carpeta (2)\my-app\node_modules\sequelize\lib\dialects\mysql\query.js:52:25)
    at C:\Users\gonz_\OneDrive\Escritorio\Nueva carpeta (2)\my-app\node_modules\sequelize\lib\sequelize.js:314:28
    at processTicksAndRejections (node:internal/process/task_queues:96:5)
    at async MySQLQueryInterface.select (C:\Users\gonz_\OneDrive\Escritorio\Nueva carpeta (2)\my-app\node_modules\sequelize\lib\dialects\abstract\query-interface.js:407:12)
    at async Function.findAll (C:\Users\gonz_\OneDrive\Escritorio\Nueva carpeta (2)\my-app\node_modules\sequelize\lib\model.js:1134:21)
    at async Function.findOne (C:\Users\gonz_\OneDrive\Escritorio\Nueva carpeta (2)\my-app\node_modules\sequelize\lib\model.js:1228:12)
    at async handler (webpack-internal:///(api)/./pages/api/users.js:16:22)
    at async Object.apiResolver (C:\Users\gonz_\OneDrive\Escritorio\Nueva carpeta (2)\my-app\node_modules\next\dist\server\api-utils\node.js:366:9)
    at async DevServer.runApi (C:\Users\gonz_\OneDrive\Escritorio\Nueva carpeta (2)\my-app\node_modules\next\dist\server\next-server.js:481:9)
    at async Object.fn (C:\Users\gonz_\OneDrive\Escritorio\Nueva carpeta (2)\my-app\node_modules\next\dist\server\next-server.js:735:37)
2022-10-18 08:57:33 [development] error: Error
    at Query.run (C:\Users\gonz_\OneDrive\Escritorio\Nueva carpeta (2)\my-app\node_modules\sequelize\lib\dialects\mysql\query.js:52:25)
    at C:\Users\gonz_\OneDrive\Escritorio\Nueva carpeta (2)\my-app\node_modules\sequelize\lib\sequelize.js:314:28
    at processTicksAndRejections (node:internal/process/task_queues:96:5)
    at async MySQLQueryInterface.select (C:\Users\gonz_\OneDrive\Escritorio\Nueva carpeta (2)\my-app\node_modules\sequelize\lib\dialects\abstract\query-interface.js:407:12)
    at async Function.findAll (C:\Users\gonz_\OneDrive\Escritorio\Nueva carpeta (2)\my-app\node_modules\sequelize\lib\model.js:1134:21)
    at async Function.findOne (C:\Users\gonz_\OneDrive\Escritorio\Nueva carpeta (2)\my-app\node_modules\sequelize\lib\model.js:1228:12)
    at async handler (webpack-internal:///(api)/./pages/api/users.js:16:22)
    at async Object.apiResolver (C:\Users\gonz_\OneDrive\Escritorio\Nueva carpeta (2)\my-app\node_modules\next\dist\server\api-utils\node.js:366:9)
    at async DevServer.runApi (C:\Users\gonz_\OneDrive\Escritorio\Nueva carpeta (2)\my-app\node_modules\next\dist\server\next-server.js:481:9)
    at async Object.fn (C:\Users\gonz_\OneDrive\Escritorio\Nueva carpeta (2)\my-app\node_modules\next\dist\server\next-server.js:735:37)
2022-10-18 08:57:33 [development] error: Error
    at Query.run (C:\Users\gonz_\OneDrive\Escritorio\Nueva carpeta (2)\my-app\node_modules\sequelize\lib\dialects\mysql\query.js:52:25)
    at C:\Users\gonz_\OneDrive\Escritorio\Nueva carpeta (2)\my-app\node_modules\sequelize\lib\sequelize.js:314:28
    at processTicksAndRejections (node:internal/process/task_queues:96:5)
    at async MySQLQueryInterface.select (C:\Users\gonz_\OneDrive\Escritorio\Nueva carpeta (2)\my-app\node_modules\sequelize\lib\dialects\abstract\query-interface.js:407:12)
    at async Function.findAll (C:\Users\gonz_\OneDrive\Escritorio\Nueva carpeta (2)\my-app\node_modules\sequelize\lib\model.js:1134:21)
    at async Function.findOne (C:\Users\gonz_\OneDrive\Escritorio\Nueva carpeta (2)\my-app\node_modules\sequelize\lib\model.js:1228:12)
    at async handler (webpack-internal:///(api)/./pages/api/users.js:16:22)
    at async Object.apiResolver (C:\Users\gonz_\OneDrive\Escritorio\Nueva carpeta (2)\my-app\node_modules\next\dist\server\api-utils\node.js:366:9)
    at async DevServer.runApi (C:\Users\gonz_\OneDrive\Escritorio\Nueva carpeta (2)\my-app\node_modules\next\dist\server\next-server.js:481:9)
    at async Object.fn (C:\Users\gonz_\OneDrive\Escritorio\Nueva carpeta (2)\my-app\node_modules\next\dist\server\next-server.js:735:37)
2022-10-18 08:57:37 [development] error: Error
    at Query.run (C:\Users\gonz_\OneDrive\Escritorio\Nueva carpeta (2)\my-app\node_modules\sequelize\lib\dialects\mysql\query.js:52:25)
    at C:\Users\gonz_\OneDrive\Escritorio\Nueva carpeta (2)\my-app\node_modules\sequelize\lib\sequelize.js:314:28
    at processTicksAndRejections (node:internal/process/task_queues:96:5)
    at async MySQLQueryInterface.select (C:\Users\gonz_\OneDrive\Escritorio\Nueva carpeta (2)\my-app\node_modules\sequelize\lib\dialects\abstract\query-interface.js:407:12)
    at async Function.findAll (C:\Users\gonz_\OneDrive\Escritorio\Nueva carpeta (2)\my-app\node_modules\sequelize\lib\model.js:1134:21)
    at async Function.findOne (C:\Users\gonz_\OneDrive\Escritorio\Nueva carpeta (2)\my-app\node_modules\sequelize\lib\model.js:1228:12)
    at async handler (webpack-internal:///(api)/./pages/api/users.js:16:22)
    at async Object.apiResolver (C:\Users\gonz_\OneDrive\Escritorio\Nueva carpeta (2)\my-app\node_modules\next\dist\server\api-utils\node.js:366:9)
    at async DevServer.runApi (C:\Users\gonz_\OneDrive\Escritorio\Nueva carpeta (2)\my-app\node_modules\next\dist\server\next-server.js:481:9)
    at async Object.fn (C:\Users\gonz_\OneDrive\Escritorio\Nueva carpeta (2)\my-app\node_modules\next\dist\server\next-server.js:735:37)
2022-10-18 08:59:39 [development] error: Error
    at Query.run (C:\Users\gonz_\OneDrive\Escritorio\Nueva carpeta (2)\my-app\node_modules\sequelize\lib\dialects\mysql\query.js:52:25)
    at C:\Users\gonz_\OneDrive\Escritorio\Nueva carpeta (2)\my-app\node_modules\sequelize\lib\sequelize.js:314:28
    at processTicksAndRejections (node:internal/process/task_queues:96:5)
    at async MySQLQueryInterface.select (C:\Users\gonz_\OneDrive\Escritorio\Nueva carpeta (2)\my-app\node_modules\sequelize\lib\dialects\abstract\query-interface.js:407:12)
    at async Function.findAll (C:\Users\gonz_\OneDrive\Escritorio\Nueva carpeta (2)\my-app\node_modules\sequelize\lib\model.js:1134:21)
    at async Function.findOne (C:\Users\gonz_\OneDrive\Escritorio\Nueva carpeta (2)\my-app\node_modules\sequelize\lib\model.js:1228:12)
    at async handler (webpack-internal:///(api)/./pages/api/users.js:16:22)
    at async Object.apiResolver (C:\Users\gonz_\OneDrive\Escritorio\Nueva carpeta (2)\my-app\node_modules\next\dist\server\api-utils\node.js:366:9)
    at async DevServer.runApi (C:\Users\gonz_\OneDrive\Escritorio\Nueva carpeta (2)\my-app\node_modules\next\dist\server\next-server.js:481:9)
    at async Object.fn (C:\Users\gonz_\OneDrive\Escritorio\Nueva carpeta (2)\my-app\node_modules\next\dist\server\next-server.js:735:37)
2022-10-18 08:59:39 [development] error: Error
    at Query.run (C:\Users\gonz_\OneDrive\Escritorio\Nueva carpeta (2)\my-app\node_modules\sequelize\lib\dialects\mysql\query.js:52:25)
    at C:\Users\gonz_\OneDrive\Escritorio\Nueva carpeta (2)\my-app\node_modules\sequelize\lib\sequelize.js:314:28
    at processTicksAndRejections (node:internal/process/task_queues:96:5)
    at async MySQLQueryInterface.select (C:\Users\gonz_\OneDrive\Escritorio\Nueva carpeta (2)\my-app\node_modules\sequelize\lib\dialects\abstract\query-interface.js:407:12)
    at async Function.findAll (C:\Users\gonz_\OneDrive\Escritorio\Nueva carpeta (2)\my-app\node_modules\sequelize\lib\model.js:1134:21)
    at async Function.findOne (C:\Users\gonz_\OneDrive\Escritorio\Nueva carpeta (2)\my-app\node_modules\sequelize\lib\model.js:1228:12)
    at async handler (webpack-internal:///(api)/./pages/api/users.js:16:22)
    at async Object.apiResolver (C:\Users\gonz_\OneDrive\Escritorio\Nueva carpeta (2)\my-app\node_modules\next\dist\server\api-utils\node.js:366:9)
    at async DevServer.runApi (C:\Users\gonz_\OneDrive\Escritorio\Nueva carpeta (2)\my-app\node_modules\next\dist\server\next-server.js:481:9)
    at async Object.fn (C:\Users\gonz_\OneDrive\Escritorio\Nueva carpeta (2)\my-app\node_modules\next\dist\server\next-server.js:735:37)
2022-10-18 08:59:41 [development] error: Error
    at Query.run (C:\Users\gonz_\OneDrive\Escritorio\Nueva carpeta (2)\my-app\node_modules\sequelize\lib\dialects\mysql\query.js:52:25)
    at C:\Users\gonz_\OneDrive\Escritorio\Nueva carpeta (2)\my-app\node_modules\sequelize\lib\sequelize.js:314:28
    at processTicksAndRejections (node:internal/process/task_queues:96:5)
    at async MySQLQueryInterface.select (C:\Users\gonz_\OneDrive\Escritorio\Nueva carpeta (2)\my-app\node_modules\sequelize\lib\dialects\abstract\query-interface.js:407:12)
    at async Function.findAll (C:\Users\gonz_\OneDrive\Escritorio\Nueva carpeta (2)\my-app\node_modules\sequelize\lib\model.js:1134:21)
    at async Function.findOne (C:\Users\gonz_\OneDrive\Escritorio\Nueva carpeta (2)\my-app\node_modules\sequelize\lib\model.js:1228:12)
    at async handler (webpack-internal:///(api)/./pages/api/users.js:16:22)
    at async Object.apiResolver (C:\Users\gonz_\OneDrive\Escritorio\Nueva carpeta (2)\my-app\node_modules\next\dist\server\api-utils\node.js:366:9)
    at async DevServer.runApi (C:\Users\gonz_\OneDrive\Escritorio\Nueva carpeta (2)\my-app\node_modules\next\dist\server\next-server.js:481:9)
    at async Object.fn (C:\Users\gonz_\OneDrive\Escritorio\Nueva carpeta (2)\my-app\node_modules\next\dist\server\next-server.js:735:37)
2022-10-18 08:59:41 [development] error: Error
    at Query.run (C:\Users\gonz_\OneDrive\Escritorio\Nueva carpeta (2)\my-app\node_modules\sequelize\lib\dialects\mysql\query.js:52:25)
    at C:\Users\gonz_\OneDrive\Escritorio\Nueva carpeta (2)\my-app\node_modules\sequelize\lib\sequelize.js:314:28
    at processTicksAndRejections (node:internal/process/task_queues:96:5)
    at async MySQLQueryInterface.select (C:\Users\gonz_\OneDrive\Escritorio\Nueva carpeta (2)\my-app\node_modules\sequelize\lib\dialects\abstract\query-interface.js:407:12)
    at async Function.findAll (C:\Users\gonz_\OneDrive\Escritorio\Nueva carpeta (2)\my-app\node_modules\sequelize\lib\model.js:1134:21)
    at async Function.findOne (C:\Users\gonz_\OneDrive\Escritorio\Nueva carpeta (2)\my-app\node_modules\sequelize\lib\model.js:1228:12)
    at async handler (webpack-internal:///(api)/./pages/api/users.js:16:22)
    at async Object.apiResolver (C:\Users\gonz_\OneDrive\Escritorio\Nueva carpeta (2)\my-app\node_modules\next\dist\server\api-utils\node.js:366:9)
    at async DevServer.runApi (C:\Users\gonz_\OneDrive\Escritorio\Nueva carpeta (2)\my-app\node_modules\next\dist\server\next-server.js:481:9)
    at async Object.fn (C:\Users\gonz_\OneDrive\Escritorio\Nueva carpeta (2)\my-app\node_modules\next\dist\server\next-server.js:735:37)
2022-10-18 09:01:26 [development] error: Error
    at Query.run (C:\Users\gonz_\OneDrive\Escritorio\Nueva carpeta (2)\my-app\node_modules\sequelize\lib\dialects\mysql\query.js:52:25)
    at C:\Users\gonz_\OneDrive\Escritorio\Nueva carpeta (2)\my-app\node_modules\sequelize\lib\sequelize.js:314:28
    at processTicksAndRejections (node:internal/process/task_queues:96:5)
    at async MySQLQueryInterface.select (C:\Users\gonz_\OneDrive\Escritorio\Nueva carpeta (2)\my-app\node_modules\sequelize\lib\dialects\abstract\query-interface.js:407:12)
    at async Function.findAll (C:\Users\gonz_\OneDrive\Escritorio\Nueva carpeta (2)\my-app\node_modules\sequelize\lib\model.js:1134:21)
    at async Function.findOne (C:\Users\gonz_\OneDrive\Escritorio\Nueva carpeta (2)\my-app\node_modules\sequelize\lib\model.js:1228:12)
    at async handler (webpack-internal:///(api)/./pages/api/users.js:14:22)
    at async Object.apiResolver (C:\Users\gonz_\OneDrive\Escritorio\Nueva carpeta (2)\my-app\node_modules\next\dist\server\api-utils\node.js:366:9)
    at async DevServer.runApi (C:\Users\gonz_\OneDrive\Escritorio\Nueva carpeta (2)\my-app\node_modules\next\dist\server\next-server.js:481:9)
    at async Object.fn (C:\Users\gonz_\OneDrive\Escritorio\Nueva carpeta (2)\my-app\node_modules\next\dist\server\next-server.js:735:37)
2022-10-18 09:01:26 [development] error: Error
    at Query.run (C:\Users\gonz_\OneDrive\Escritorio\Nueva carpeta (2)\my-app\node_modules\sequelize\lib\dialects\mysql\query.js:52:25)
    at C:\Users\gonz_\OneDrive\Escritorio\Nueva carpeta (2)\my-app\node_modules\sequelize\lib\sequelize.js:314:28
    at processTicksAndRejections (node:internal/process/task_queues:96:5)
    at async MySQLQueryInterface.select (C:\Users\gonz_\OneDrive\Escritorio\Nueva carpeta (2)\my-app\node_modules\sequelize\lib\dialects\abstract\query-interface.js:407:12)
    at async Function.findAll (C:\Users\gonz_\OneDrive\Escritorio\Nueva carpeta (2)\my-app\node_modules\sequelize\lib\model.js:1134:21)
    at async Function.findOne (C:\Users\gonz_\OneDrive\Escritorio\Nueva carpeta (2)\my-app\node_modules\sequelize\lib\model.js:1228:12)
    at async handler (webpack-internal:///(api)/./pages/api/users.js:14:22)
    at async Object.apiResolver (C:\Users\gonz_\OneDrive\Escritorio\Nueva carpeta (2)\my-app\node_modules\next\dist\server\api-utils\node.js:366:9)
    at async DevServer.runApi (C:\Users\gonz_\OneDrive\Escritorio\Nueva carpeta (2)\my-app\node_modules\next\dist\server\next-server.js:481:9)
    at async Object.fn (C:\Users\gonz_\OneDrive\Escritorio\Nueva carpeta (2)\my-app\node_modules\next\dist\server\next-server.js:735:37)
2022-10-18 09:01:28 [development] error: Error
    at Query.run (C:\Users\gonz_\OneDrive\Escritorio\Nueva carpeta (2)\my-app\node_modules\sequelize\lib\dialects\mysql\query.js:52:25)
    at C:\Users\gonz_\OneDrive\Escritorio\Nueva carpeta (2)\my-app\node_modules\sequelize\lib\sequelize.js:314:28
    at processTicksAndRejections (node:internal/process/task_queues:96:5)
    at async MySQLQueryInterface.select (C:\Users\gonz_\OneDrive\Escritorio\Nueva carpeta (2)\my-app\node_modules\sequelize\lib\dialects\abstract\query-interface.js:407:12)
    at async Function.findAll (C:\Users\gonz_\OneDrive\Escritorio\Nueva carpeta (2)\my-app\node_modules\sequelize\lib\model.js:1134:21)
    at async Function.findOne (C:\Users\gonz_\OneDrive\Escritorio\Nueva carpeta (2)\my-app\node_modules\sequelize\lib\model.js:1228:12)
    at async handler (webpack-internal:///(api)/./pages/api/users.js:14:22)
    at async Object.apiResolver (C:\Users\gonz_\OneDrive\Escritorio\Nueva carpeta (2)\my-app\node_modules\next\dist\server\api-utils\node.js:366:9)
    at async DevServer.runApi (C:\Users\gonz_\OneDrive\Escritorio\Nueva carpeta (2)\my-app\node_modules\next\dist\server\next-server.js:481:9)
    at async Object.fn (C:\Users\gonz_\OneDrive\Escritorio\Nueva carpeta (2)\my-app\node_modules\next\dist\server\next-server.js:735:37)
2022-10-18 09:01:28 [development] error: Error
    at Query.run (C:\Users\gonz_\OneDrive\Escritorio\Nueva carpeta (2)\my-app\node_modules\sequelize\lib\dialects\mysql\query.js:52:25)
    at C:\Users\gonz_\OneDrive\Escritorio\Nueva carpeta (2)\my-app\node_modules\sequelize\lib\sequelize.js:314:28
    at processTicksAndRejections (node:internal/process/task_queues:96:5)
    at async MySQLQueryInterface.select (C:\Users\gonz_\OneDrive\Escritorio\Nueva carpeta (2)\my-app\node_modules\sequelize\lib\dialects\abstract\query-interface.js:407:12)
    at async Function.findAll (C:\Users\gonz_\OneDrive\Escritorio\Nueva carpeta (2)\my-app\node_modules\sequelize\lib\model.js:1134:21)
    at async Function.findOne (C:\Users\gonz_\OneDrive\Escritorio\Nueva carpeta (2)\my-app\node_modules\sequelize\lib\model.js:1228:12)
    at async handler (webpack-internal:///(api)/./pages/api/users.js:14:22)
    at async Object.apiResolver (C:\Users\gonz_\OneDrive\Escritorio\Nueva carpeta (2)\my-app\node_modules\next\dist\server\api-utils\node.js:366:9)
    at async DevServer.runApi (C:\Users\gonz_\OneDrive\Escritorio\Nueva carpeta (2)\my-app\node_modules\next\dist\server\next-server.js:481:9)
    at async Object.fn (C:\Users\gonz_\OneDrive\Escritorio\Nueva carpeta (2)\my-app\node_modules\next\dist\server\next-server.js:735:37)
2022-10-18 09:03:39 [development] error: Error
    at Query.run (C:\Users\gonz_\OneDrive\Escritorio\Nueva carpeta (2)\my-app\node_modules\sequelize\lib\dialects\mysql\query.js:52:25)
    at C:\Users\gonz_\OneDrive\Escritorio\Nueva carpeta (2)\my-app\node_modules\sequelize\lib\sequelize.js:314:28
    at processTicksAndRejections (node:internal/process/task_queues:96:5)
    at async MySQLQueryInterface.select (C:\Users\gonz_\OneDrive\Escritorio\Nueva carpeta (2)\my-app\node_modules\sequelize\lib\dialects\abstract\query-interface.js:407:12)
    at async Function.findAll (C:\Users\gonz_\OneDrive\Escritorio\Nueva carpeta (2)\my-app\node_modules\sequelize\lib\model.js:1134:21)
    at async Function.findOne (C:\Users\gonz_\OneDrive\Escritorio\Nueva carpeta (2)\my-app\node_modules\sequelize\lib\model.js:1228:12)
    at async handler (webpack-internal:///(api)/./pages/api/users.js:14:22)
    at async Object.apiResolver (C:\Users\gonz_\OneDrive\Escritorio\Nueva carpeta (2)\my-app\node_modules\next\dist\server\api-utils\node.js:366:9)
    at async DevServer.runApi (C:\Users\gonz_\OneDrive\Escritorio\Nueva carpeta (2)\my-app\node_modules\next\dist\server\next-server.js:481:9)
    at async Object.fn (C:\Users\gonz_\OneDrive\Escritorio\Nueva carpeta (2)\my-app\node_modules\next\dist\server\next-server.js:735:37)
2022-10-18 09:03:39 [development] error: Error
    at Query.run (C:\Users\gonz_\OneDrive\Escritorio\Nueva carpeta (2)\my-app\node_modules\sequelize\lib\dialects\mysql\query.js:52:25)
    at C:\Users\gonz_\OneDrive\Escritorio\Nueva carpeta (2)\my-app\node_modules\sequelize\lib\sequelize.js:314:28
    at processTicksAndRejections (node:internal/process/task_queues:96:5)
    at async MySQLQueryInterface.select (C:\Users\gonz_\OneDrive\Escritorio\Nueva carpeta (2)\my-app\node_modules\sequelize\lib\dialects\abstract\query-interface.js:407:12)
    at async Function.findAll (C:\Users\gonz_\OneDrive\Escritorio\Nueva carpeta (2)\my-app\node_modules\sequelize\lib\model.js:1134:21)
    at async Function.findOne (C:\Users\gonz_\OneDrive\Escritorio\Nueva carpeta (2)\my-app\node_modules\sequelize\lib\model.js:1228:12)
    at async handler (webpack-internal:///(api)/./pages/api/users.js:14:22)
    at async Object.apiResolver (C:\Users\gonz_\OneDrive\Escritorio\Nueva carpeta (2)\my-app\node_modules\next\dist\server\api-utils\node.js:366:9)
    at async DevServer.runApi (C:\Users\gonz_\OneDrive\Escritorio\Nueva carpeta (2)\my-app\node_modules\next\dist\server\next-server.js:481:9)
    at async Object.fn (C:\Users\gonz_\OneDrive\Escritorio\Nueva carpeta (2)\my-app\node_modules\next\dist\server\next-server.js:735:37)
2022-10-18 09:03:39 [development] error: Error
    at Query.run (C:\Users\gonz_\OneDrive\Escritorio\Nueva carpeta (2)\my-app\node_modules\sequelize\lib\dialects\mysql\query.js:52:25)
    at C:\Users\gonz_\OneDrive\Escritorio\Nueva carpeta (2)\my-app\node_modules\sequelize\lib\sequelize.js:314:28
    at processTicksAndRejections (node:internal/process/task_queues:96:5)
    at async MySQLQueryInterface.select (C:\Users\gonz_\OneDrive\Escritorio\Nueva carpeta (2)\my-app\node_modules\sequelize\lib\dialects\abstract\query-interface.js:407:12)
    at async Function.findAll (C:\Users\gonz_\OneDrive\Escritorio\Nueva carpeta (2)\my-app\node_modules\sequelize\lib\model.js:1134:21)
    at async Function.findOne (C:\Users\gonz_\OneDrive\Escritorio\Nueva carpeta (2)\my-app\node_modules\sequelize\lib\model.js:1228:12)
    at async handler (webpack-internal:///(api)/./pages/api/users.js:14:22)
    at async Object.apiResolver (C:\Users\gonz_\OneDrive\Escritorio\Nueva carpeta (2)\my-app\node_modules\next\dist\server\api-utils\node.js:366:9)
    at async DevServer.runApi (C:\Users\gonz_\OneDrive\Escritorio\Nueva carpeta (2)\my-app\node_modules\next\dist\server\next-server.js:481:9)
    at async Object.fn (C:\Users\gonz_\OneDrive\Escritorio\Nueva carpeta (2)\my-app\node_modules\next\dist\server\next-server.js:735:37)
2022-10-18 09:04:18 [development] error: Error
    at Query.run (C:\Users\gonz_\OneDrive\Escritorio\Nueva carpeta (2)\my-app\node_modules\sequelize\lib\dialects\mysql\query.js:52:25)
    at C:\Users\gonz_\OneDrive\Escritorio\Nueva carpeta (2)\my-app\node_modules\sequelize\lib\sequelize.js:314:28
    at processTicksAndRejections (node:internal/process/task_queues:96:5)
    at async MySQLQueryInterface.select (C:\Users\gonz_\OneDrive\Escritorio\Nueva carpeta (2)\my-app\node_modules\sequelize\lib\dialects\abstract\query-interface.js:407:12)
    at async Function.findAll (C:\Users\gonz_\OneDrive\Escritorio\Nueva carpeta (2)\my-app\node_modules\sequelize\lib\model.js:1134:21)
    at async Function.findOne (C:\Users\gonz_\OneDrive\Escritorio\Nueva carpeta (2)\my-app\node_modules\sequelize\lib\model.js:1228:12)
    at async handler (webpack-internal:///(api)/./pages/api/users.js:14:22)
    at async Object.apiResolver (C:\Users\gonz_\OneDrive\Escritorio\Nueva carpeta (2)\my-app\node_modules\next\dist\server\api-utils\node.js:366:9)
    at async DevServer.runApi (C:\Users\gonz_\OneDrive\Escritorio\Nueva carpeta (2)\my-app\node_modules\next\dist\server\next-server.js:481:9)
    at async Object.fn (C:\Users\gonz_\OneDrive\Escritorio\Nueva carpeta (2)\my-app\node_modules\next\dist\server\next-server.js:735:37)
2022-10-18 09:04:18 [development] error: Error
    at Query.run (C:\Users\gonz_\OneDrive\Escritorio\Nueva carpeta (2)\my-app\node_modules\sequelize\lib\dialects\mysql\query.js:52:25)
    at C:\Users\gonz_\OneDrive\Escritorio\Nueva carpeta (2)\my-app\node_modules\sequelize\lib\sequelize.js:314:28
    at processTicksAndRejections (node:internal/process/task_queues:96:5)
    at async MySQLQueryInterface.select (C:\Users\gonz_\OneDrive\Escritorio\Nueva carpeta (2)\my-app\node_modules\sequelize\lib\dialects\abstract\query-interface.js:407:12)
    at async Function.findAll (C:\Users\gonz_\OneDrive\Escritorio\Nueva carpeta (2)\my-app\node_modules\sequelize\lib\model.js:1134:21)
    at async Function.findOne (C:\Users\gonz_\OneDrive\Escritorio\Nueva carpeta (2)\my-app\node_modules\sequelize\lib\model.js:1228:12)
    at async handler (webpack-internal:///(api)/./pages/api/users.js:14:22)
    at async Object.apiResolver (C:\Users\gonz_\OneDrive\Escritorio\Nueva carpeta (2)\my-app\node_modules\next\dist\server\api-utils\node.js:366:9)
    at async DevServer.runApi (C:\Users\gonz_\OneDrive\Escritorio\Nueva carpeta (2)\my-app\node_modules\next\dist\server\next-server.js:481:9)
    at async Object.fn (C:\Users\gonz_\OneDrive\Escritorio\Nueva carpeta (2)\my-app\node_modules\next\dist\server\next-server.js:735:37)
2022-10-18 09:08:44 [development] error: Error: Association with alias "tasks" does not exist on User
    at Function._transformStringAssociation (C:\Users\gonz_\OneDrive\Escritorio\Nueva carpeta (2)\my-app\node_modules\sequelize\lib\model.js:275:15)
    at Function._conformInclude (C:\Users\gonz_\OneDrive\Escritorio\Nueva carpeta (2)\my-app\node_modules\sequelize\lib\model.js:286:22)
    at C:\Users\gonz_\OneDrive\Escritorio\Nueva carpeta (2)\my-app\node_modules\sequelize\lib\model.js:270:61
    at Array.map (<anonymous>)
    at Function._conformIncludes (C:\Users\gonz_\OneDrive\Escritorio\Nueva carpeta (2)\my-app\node_modules\sequelize\lib\model.js:270:39)
    at Function._baseMerge (C:\Users\gonz_\OneDrive\Escritorio\Nueva carpeta (2)\my-app\node_modules\sequelize\lib\model.js:622:10)
    at Function._defaultsOptions (C:\Users\gonz_\OneDrive\Escritorio\Nueva carpeta (2)\my-app\node_modules\sequelize\lib\model.js:656:17)
    at Function._injectScope (C:\Users\gonz_\OneDrive\Escritorio\Nueva carpeta (2)\my-app\node_modules\sequelize\lib\model.js:2001:10)
    at Function.findAll (C:\Users\gonz_\OneDrive\Escritorio\Nueva carpeta (2)\my-app\node_modules\sequelize\lib\model.js:1105:10)
    at handler (webpack-internal:///(api)/./pages/api/users.js:14:91)
2022-10-18 09:08:44 [development] error: Error: Association with alias "tasks" does not exist on User
    at Function._transformStringAssociation (C:\Users\gonz_\OneDrive\Escritorio\Nueva carpeta (2)\my-app\node_modules\sequelize\lib\model.js:275:15)
    at Function._conformInclude (C:\Users\gonz_\OneDrive\Escritorio\Nueva carpeta (2)\my-app\node_modules\sequelize\lib\model.js:286:22)
    at C:\Users\gonz_\OneDrive\Escritorio\Nueva carpeta (2)\my-app\node_modules\sequelize\lib\model.js:270:61
    at Array.map (<anonymous>)
    at Function._conformIncludes (C:\Users\gonz_\OneDrive\Escritorio\Nueva carpeta (2)\my-app\node_modules\sequelize\lib\model.js:270:39)
    at Function._baseMerge (C:\Users\gonz_\OneDrive\Escritorio\Nueva carpeta (2)\my-app\node_modules\sequelize\lib\model.js:622:10)
    at Function._defaultsOptions (C:\Users\gonz_\OneDrive\Escritorio\Nueva carpeta (2)\my-app\node_modules\sequelize\lib\model.js:656:17)
    at Function._injectScope (C:\Users\gonz_\OneDrive\Escritorio\Nueva carpeta (2)\my-app\node_modules\sequelize\lib\model.js:2001:10)
    at Function.findAll (C:\Users\gonz_\OneDrive\Escritorio\Nueva carpeta (2)\my-app\node_modules\sequelize\lib\model.js:1105:10)
    at handler (webpack-internal:///(api)/./pages/api/users.js:14:91)
